0 info it worked if it ends with ok
1 verbose cli [ '/Users/magz/.nvm/versions/node/v6.11.2/bin/node',
1 verbose cli   '/Users/magz/.nvm/versions/node/v6.11.2/bin/npm',
1 verbose cli   'run',
1 verbose cli   'test' ]
2 info using npm@3.10.10
3 info using node@v6.11.2
4 verbose run-script [ 'pretest', 'test', 'posttest' ]
5 info lifecycle algorithms-exercises@1.0.0~pretest: algorithms-exercises@1.0.0
6 silly lifecycle algorithms-exercises@1.0.0~pretest: no script for pretest, continuing
7 info lifecycle algorithms-exercises@1.0.0~test: algorithms-exercises@1.0.0
8 verbose lifecycle algorithms-exercises@1.0.0~test: unsafe-perm in lifecycle true
9 verbose lifecycle algorithms-exercises@1.0.0~test: PATH: /Users/magz/.nvm/versions/node/v6.11.2/lib/node_modules/npm/bin/node-gyp-bin:/Users/magz/Desktop/algorithms-exercises/node_modules/.bin:/Users/magz/.nvm/versions/node/v6.11.2/bin:/opt/homebrew/bin:/opt/homebrew/sbin:/usr/local/bin:/usr/bin:/bin:/usr/sbin:/sbin:/Applications/Postgres.app/Contents/Versions/latest/bin
10 verbose lifecycle algorithms-exercises@1.0.0~test: CWD: /Users/magz/Desktop/algorithms-exercises
11 silly lifecycle algorithms-exercises@1.0.0~test: Args: [ '-c', 'jest' ]
12 silly lifecycle algorithms-exercises@1.0.0~test: Returned: code: 1  signal: null
13 info lifecycle algorithms-exercises@1.0.0~test: Failed to exec test script
14 verbose stack Error: algorithms-exercises@1.0.0 test: `jest`
14 verbose stack Exit status 1
14 verbose stack     at EventEmitter.<anonymous> (/Users/magz/.nvm/versions/node/v6.11.2/lib/node_modules/npm/lib/utils/lifecycle.js:255:16)
14 verbose stack     at emitTwo (events.js:106:13)
14 verbose stack     at EventEmitter.emit (events.js:191:7)
14 verbose stack     at ChildProcess.<anonymous> (/Users/magz/.nvm/versions/node/v6.11.2/lib/node_modules/npm/lib/utils/spawn.js:40:14)
14 verbose stack     at emitTwo (events.js:106:13)
14 verbose stack     at ChildProcess.emit (events.js:191:7)
14 verbose stack     at maybeClose (internal/child_process.js:891:16)
14 verbose stack     at Process.ChildProcess._handle.onexit (internal/child_process.js:226:5)
15 verbose pkgid algorithms-exercises@1.0.0
16 verbose cwd /Users/magz/Desktop/algorithms-exercises
17 error Darwin 21.5.0
18 error argv "/Users/magz/.nvm/versions/node/v6.11.2/bin/node" "/Users/magz/.nvm/versions/node/v6.11.2/bin/npm" "run" "test"
19 error node v6.11.2
20 error npm  v3.10.10
21 error code ELIFECYCLE
22 error algorithms-exercises@1.0.0 test: `jest`
22 error Exit status 1
23 error Failed at the algorithms-exercises@1.0.0 test script 'jest'.
23 error Make sure you have the latest version of node.js and npm installed.
23 error If you do, this is most likely a problem with the algorithms-exercises package,
23 error not with npm itself.
23 error Tell the author that this fails on your system:
23 error     jest
23 error You can get information on how to open an issue for this project with:
23 error     npm bugs algorithms-exercises
23 error Or if that isn't available, you can get their info via:
23 error     npm owner ls algorithms-exercises
23 error There is likely additional logging output above.
24 verbose exit [ 1, true ]
